<?xml version="1.0" encoding="UTF-8"?>
<!-- Generated by org.testng.reporters.JUnitReportReporter -->
<testsuite hostname="LAPTOP-JHP6OGIG" failures="0" tests="7" name="com.siva.leafGround.Tests.AlertPageTest" time="0.865" errors="0" timestamp="2025-08-21T14:23:36 IST" skipped="0">
  <testcase classname="com.siva.leafGround.Tests.AlertPageTest" name="testCase01_1_alertSimpleDialog" time="0.117"/>
  <testcase classname="com.siva.leafGround.Tests.AlertPageTest" name="testCase01_2_alertSimpleDialog" time="0.115"/>
  <testcase classname="com.siva.leafGround.Tests.AlertPageTest" name="testCase01_3_alertSimpleDialog" time="0.094"/>
  <testcase classname="com.siva.leafGround.Tests.AlertPageTest" name="testCase02_1_alertPromptDialog" time="0.097"/>
  <testcase classname="com.siva.leafGround.Tests.AlertPageTest" name="testCase02_2_alertPromptDialog" time="0.163"/>
  <testcase classname="com.siva.leafGround.Tests.AlertPageTest" name="testCase03_1_alertConfirmationDialog" time="0.137"/>
  <testcase classname="com.siva.leafGround.Tests.AlertPageTest" name="testCase03_2_alertConfirmationDialog" time="0.142"/>
</testsuite> <!-- com.siva.leafGround.Tests.AlertPageTest -->
