<?xml version="1.0" encoding="UTF-8"?>
<!-- Generated by org.testng.reporters.JUnitReportReporter -->
<testsuite hostname="LAPTOP-JHP6OGIG" failures="0" tests="7" name="com.siva.leafGround.Tests.AlertPageTest" time="0.924" errors="0" timestamp="2025-10-25T16:06:40 IST" skipped="0">
  <testcase classname="com.siva.leafGround.Tests.AlertPageTest" name="testCase01_1_alertSimpleDialog" time="0.210"/>
  <testcase classname="com.siva.leafGround.Tests.AlertPageTest" name="testCase01_2_alertSimpleDialog" time="0.100"/>
  <testcase classname="com.siva.leafGround.Tests.AlertPageTest" name="testCase01_3_alertSimpleDialog" time="0.099"/>
  <testcase classname="com.siva.leafGround.Tests.AlertPageTest" name="testCase02_1_alertPromptDialog" time="0.142"/>
  <testcase classname="com.siva.leafGround.Tests.AlertPageTest" name="testCase02_2_alertPromptDialog" time="0.158"/>
  <testcase classname="com.siva.leafGround.Tests.AlertPageTest" name="testCase03_1_alertConfirmationDialog" time="0.097"/>
  <testcase classname="com.siva.leafGround.Tests.AlertPageTest" name="testCase03_2_alertConfirmationDialog" time="0.118"/>
</testsuite> <!-- com.siva.leafGround.Tests.AlertPageTest -->
