<?xml version="1.0" encoding="UTF-8"?>
<!-- Generated by org.testng.reporters.JUnitReportReporter -->
<testsuite hostname="LAPTOP-JHP6OGIG" failures="0" tests="1" name="com.siva.leafGround.Pages.AlertPage" time="3.641" errors="0" timestamp="2025-08-14T07:22:11 IST" skipped="0">
  <testcase classname="com.siva.leafGround.Pages.AlertPage" name="testMethod" time="3.641"/>
</testsuite> <!-- com.siva.leafGround.Pages.AlertPage -->
