<?xml version="1.0" encoding="UTF-8"?>
<!-- Generated by org.testng.reporters.JUnitReportReporter -->
<testsuite hostname="LAPTOP-JHP6OGIG" failures="0" tests="7" name="com.siva.leafGround.Tests.AlertPageTest" time="0.428" errors="0" timestamp="2025-08-14T16:05:11 IST" skipped="0">
  <testcase classname="com.siva.leafGround.Tests.AlertPageTest" name="testCase01_1_alertSimpleDialog" time="0.066"/>
  <testcase classname="com.siva.leafGround.Tests.AlertPageTest" name="testCase01_2_alertSimpleDialog" time="0.049"/>
  <testcase classname="com.siva.leafGround.Tests.AlertPageTest" name="testCase01_3_alertSimpleDialog" time="0.053"/>
  <testcase classname="com.siva.leafGround.Tests.AlertPageTest" name="testCase02_1_alertPromptDialog" time="0.060"/>
  <testcase classname="com.siva.leafGround.Tests.AlertPageTest" name="testCase02_2_alertPromptDialog" time="0.086"/>
  <testcase classname="com.siva.leafGround.Tests.AlertPageTest" name="testCase03_1_alertConfirmationDialog" time="0.055"/>
  <testcase classname="com.siva.leafGround.Tests.AlertPageTest" name="testCase03_2_alertConfirmationDialog" time="0.059"/>
</testsuite> <!-- com.siva.leafGround.Tests.AlertPageTest -->
