<?xml version="1.0" encoding="UTF-8"?>
<!-- Generated by org.testng.reporters.JUnitReportReporter -->
<testsuite hostname="LAPTOP-JHP6OGIG" failures="0" tests="7" name="com.siva.leafGround.Tests.AlertPageTest" time="0.717" errors="0" timestamp="2025-08-26T20:58:44 IST" skipped="0">
  <testcase classname="com.siva.leafGround.Tests.AlertPageTest" name="testCase01_1_alertSimpleDialog" time="0.121"/>
  <testcase classname="com.siva.leafGround.Tests.AlertPageTest" name="testCase01_2_alertSimpleDialog" time="0.121"/>
  <testcase classname="com.siva.leafGround.Tests.AlertPageTest" name="testCase01_3_alertSimpleDialog" time="0.077"/>
  <testcase classname="com.siva.leafGround.Tests.AlertPageTest" name="testCase02_1_alertPromptDialog" time="0.105"/>
  <testcase classname="com.siva.leafGround.Tests.AlertPageTest" name="testCase02_2_alertPromptDialog" time="0.126"/>
  <testcase classname="com.siva.leafGround.Tests.AlertPageTest" name="testCase03_1_alertConfirmationDialog" time="0.090"/>
  <testcase classname="com.siva.leafGround.Tests.AlertPageTest" name="testCase03_2_alertConfirmationDialog" time="0.077"/>
</testsuite> <!-- com.siva.leafGround.Tests.AlertPageTest -->
